<?xml version="1.0" encoding="UTF-8"?>
<!-- Generated by org.testng.reporters.JUnitReportReporter -->
<testsuite hostname="LAPTOP-E8AGOH51" failures="0" tests="1" name="com.github.daryamals.ui_automation.tests.FeedbackFormTest" time="2.039" errors="0" timestamp="2025-02-24T18:26:24 MSK" skipped="0">
  <testcase classname="com.github.daryamals.ui_automation.tests.FeedbackFormTest" name="testFeedbackFormSubmission" time="2.039"/>
</testsuite> <!-- com.github.daryamals.ui_automation.tests.FeedbackFormTest -->
